./ac_base-eq.py:1155: PerformanceWarning: DataFrame is highly fragmented.  This is usually the result of calling `frame.insert` many times, which has poor performance.  Consider joining all columns at once using pd.concat(axis=1) instead. To get a de-fragmented frame, use `newframe = frame.copy()`
  labels["protonated SMDsurf+"],labels["deprotonated SMDsurf+"],labels["SMDsurf+"]=SMD_pos_surface_protonated,SMD_pos_surface_deprotonated,SMD_pos_surface_difference
./ac_base-eq.py:1156: PerformanceWarning: DataFrame is highly fragmented.  This is usually the result of calling `frame.insert` many times, which has poor performance.  Consider joining all columns at once using pd.concat(axis=1) instead. To get a de-fragmented frame, use `newframe = frame.copy()`
  labels["protonated SMDsurf-"],labels["deprotonated SMDsurf-"],labels["SMDsurf-"]=SMD_neg_surface_protonated,SMD_neg_surface_deprotonated,SMD_neg_surface_difference
./ac_base-eq.py:1156: PerformanceWarning: DataFrame is highly fragmented.  This is usually the result of calling `frame.insert` many times, which has poor performance.  Consider joining all columns at once using pd.concat(axis=1) instead. To get a de-fragmented frame, use `newframe = frame.copy()`
  labels["protonated SMDsurf-"],labels["deprotonated SMDsurf-"],labels["SMDsurf-"]=SMD_neg_surface_protonated,SMD_neg_surface_deprotonated,SMD_neg_surface_difference
./ac_base-eq.py:1156: PerformanceWarning: DataFrame is highly fragmented.  This is usually the result of calling `frame.insert` many times, which has poor performance.  Consider joining all columns at once using pd.concat(axis=1) instead. To get a de-fragmented frame, use `newframe = frame.copy()`
  labels["protonated SMDsurf-"],labels["deprotonated SMDsurf-"],labels["SMDsurf-"]=SMD_neg_surface_protonated,SMD_neg_surface_deprotonated,SMD_neg_surface_difference
./ac_base-eq.py:1157: PerformanceWarning: DataFrame is highly fragmented.  This is usually the result of calling `frame.insert` many times, which has poor performance.  Consider joining all columns at once using pd.concat(axis=1) instead. To get a de-fragmented frame, use `newframe = frame.copy()`
  labels["protonated SMD-min-ESP"],labels["deprotonated SMD-min-ESP"],labels["SMD-min-ESP"]=SMD_min_potential_protonated,SMD_min_potential_deprotonated,SMD_min_potential_difference
./ac_base-eq.py:1157: PerformanceWarning: DataFrame is highly fragmented.  This is usually the result of calling `frame.insert` many times, which has poor performance.  Consider joining all columns at once using pd.concat(axis=1) instead. To get a de-fragmented frame, use `newframe = frame.copy()`
  labels["protonated SMD-min-ESP"],labels["deprotonated SMD-min-ESP"],labels["SMD-min-ESP"]=SMD_min_potential_protonated,SMD_min_potential_deprotonated,SMD_min_potential_difference
./ac_base-eq.py:1157: PerformanceWarning: DataFrame is highly fragmented.  This is usually the result of calling `frame.insert` many times, which has poor performance.  Consider joining all columns at once using pd.concat(axis=1) instead. To get a de-fragmented frame, use `newframe = frame.copy()`
  labels["protonated SMD-min-ESP"],labels["deprotonated SMD-min-ESP"],labels["SMD-min-ESP"]=SMD_min_potential_protonated,SMD_min_potential_deprotonated,SMD_min_potential_difference
./ac_base-eq.py:1158: PerformanceWarning: DataFrame is highly fragmented.  This is usually the result of calling `frame.insert` many times, which has poor performance.  Consider joining all columns at once using pd.concat(axis=1) instead. To get a de-fragmented frame, use `newframe = frame.copy()`
  labels["protonated SMD-max-ESP"],labels["deprotonated SMD-max-ESP"],labels["SMD-max-ESP"]=SMD_max_potential_protonated,SMD_max_potential_deprotonated,SMD_max_potential_difference
./ac_base-eq.py:1158: PerformanceWarning: DataFrame is highly fragmented.  This is usually the result of calling `frame.insert` many times, which has poor performance.  Consider joining all columns at once using pd.concat(axis=1) instead. To get a de-fragmented frame, use `newframe = frame.copy()`
  labels["protonated SMD-max-ESP"],labels["deprotonated SMD-max-ESP"],labels["SMD-max-ESP"]=SMD_max_potential_protonated,SMD_max_potential_deprotonated,SMD_max_potential_difference
./ac_base-eq.py:1158: PerformanceWarning: DataFrame is highly fragmented.  This is usually the result of calling `frame.insert` many times, which has poor performance.  Consider joining all columns at once using pd.concat(axis=1) instead. To get a de-fragmented frame, use `newframe = frame.copy()`
  labels["protonated SMD-max-ESP"],labels["deprotonated SMD-max-ESP"],labels["SMD-max-ESP"]=SMD_max_potential_protonated,SMD_max_potential_deprotonated,SMD_max_potential_difference
./ac_base-eq.py:1159: PerformanceWarning: DataFrame is highly fragmented.  This is usually the result of calling `frame.insert` many times, which has poor performance.  Consider joining all columns at once using pd.concat(axis=1) instead. To get a de-fragmented frame, use `newframe = frame.copy()`
  labels["protonated SMD-avg-ESP"],labels["deprotonated SMD-avg-ESP"],labels["SMD-avg-ESP"]=SMD_avg_potential_protonated,SMD_avg_potential_deprotonated,SMD_avg_potential_difference
./ac_base-eq.py:1159: PerformanceWarning: DataFrame is highly fragmented.  This is usually the result of calling `frame.insert` many times, which has poor performance.  Consider joining all columns at once using pd.concat(axis=1) instead. To get a de-fragmented frame, use `newframe = frame.copy()`
  labels["protonated SMD-avg-ESP"],labels["deprotonated SMD-avg-ESP"],labels["SMD-avg-ESP"]=SMD_avg_potential_protonated,SMD_avg_potential_deprotonated,SMD_avg_potential_difference
./ac_base-eq.py:1159: PerformanceWarning: DataFrame is highly fragmented.  This is usually the result of calling `frame.insert` many times, which has poor performance.  Consider joining all columns at once using pd.concat(axis=1) instead. To get a de-fragmented frame, use `newframe = frame.copy()`
  labels["protonated SMD-avg-ESP"],labels["deprotonated SMD-avg-ESP"],labels["SMD-avg-ESP"]=SMD_avg_potential_protonated,SMD_avg_potential_deprotonated,SMD_avg_potential_difference
./ac_base-eq.py:1160: PerformanceWarning: DataFrame is highly fragmented.  This is usually the result of calling `frame.insert` many times, which has poor performance.  Consider joining all columns at once using pd.concat(axis=1) instead. To get a de-fragmented frame, use `newframe = frame.copy()`
  labels["protonated SMD-avg-ESP+"],labels["deprotonated SMD-avg-ESP+"],labels["SMD-avg-ESP+"]=SMD_pos_avg_potential_protonated,SMD_pos_avg_potential_deprotonated,SMD_pos_avg_potential_difference
./ac_base-eq.py:1160: PerformanceWarning: DataFrame is highly fragmented.  This is usually the result of calling `frame.insert` many times, which has poor performance.  Consider joining all columns at once using pd.concat(axis=1) instead. To get a de-fragmented frame, use `newframe = frame.copy()`
  labels["protonated SMD-avg-ESP+"],labels["deprotonated SMD-avg-ESP+"],labels["SMD-avg-ESP+"]=SMD_pos_avg_potential_protonated,SMD_pos_avg_potential_deprotonated,SMD_pos_avg_potential_difference
./ac_base-eq.py:1160: PerformanceWarning: DataFrame is highly fragmented.  This is usually the result of calling `frame.insert` many times, which has poor performance.  Consider joining all columns at once using pd.concat(axis=1) instead. To get a de-fragmented frame, use `newframe = frame.copy()`
  labels["protonated SMD-avg-ESP+"],labels["deprotonated SMD-avg-ESP+"],labels["SMD-avg-ESP+"]=SMD_pos_avg_potential_protonated,SMD_pos_avg_potential_deprotonated,SMD_pos_avg_potential_difference
./ac_base-eq.py:1161: PerformanceWarning: DataFrame is highly fragmented.  This is usually the result of calling `frame.insert` many times, which has poor performance.  Consider joining all columns at once using pd.concat(axis=1) instead. To get a de-fragmented frame, use `newframe = frame.copy()`
  labels["protonated SMD-avg-ESP-"],labels["deprotonated SMD-avg-ESP-"],labels["SMD-avg-ESP-"]=SMD_neg_avg_potential_protonated,SMD_neg_avg_potential_deprotonated,SMD_neg_avg_potential_difference
./ac_base-eq.py:1161: PerformanceWarning: DataFrame is highly fragmented.  This is usually the result of calling `frame.insert` many times, which has poor performance.  Consider joining all columns at once using pd.concat(axis=1) instead. To get a de-fragmented frame, use `newframe = frame.copy()`
  labels["protonated SMD-avg-ESP-"],labels["deprotonated SMD-avg-ESP-"],labels["SMD-avg-ESP-"]=SMD_neg_avg_potential_protonated,SMD_neg_avg_potential_deprotonated,SMD_neg_avg_potential_difference
./ac_base-eq.py:1161: PerformanceWarning: DataFrame is highly fragmented.  This is usually the result of calling `frame.insert` many times, which has poor performance.  Consider joining all columns at once using pd.concat(axis=1) instead. To get a de-fragmented frame, use `newframe = frame.copy()`
  labels["protonated SMD-avg-ESP-"],labels["deprotonated SMD-avg-ESP-"],labels["SMD-avg-ESP-"]=SMD_neg_avg_potential_protonated,SMD_neg_avg_potential_deprotonated,SMD_neg_avg_potential_difference
./ac_base-eq.py:1162: PerformanceWarning: DataFrame is highly fragmented.  This is usually the result of calling `frame.insert` many times, which has poor performance.  Consider joining all columns at once using pd.concat(axis=1) instead. To get a de-fragmented frame, use `newframe = frame.copy()`
  labels["protonated SMD-var-ESP"],labels["deprotonated SMD-var-ESP"],labels["SMD-var-ESP"]=SMD_var_potential_protonated,SMD_var_potential_deprotonated,SMD_var_potential_difference
./ac_base-eq.py:1162: PerformanceWarning: DataFrame is highly fragmented.  This is usually the result of calling `frame.insert` many times, which has poor performance.  Consider joining all columns at once using pd.concat(axis=1) instead. To get a de-fragmented frame, use `newframe = frame.copy()`
  labels["protonated SMD-var-ESP"],labels["deprotonated SMD-var-ESP"],labels["SMD-var-ESP"]=SMD_var_potential_protonated,SMD_var_potential_deprotonated,SMD_var_potential_difference
./ac_base-eq.py:1162: PerformanceWarning: DataFrame is highly fragmented.  This is usually the result of calling `frame.insert` many times, which has poor performance.  Consider joining all columns at once using pd.concat(axis=1) instead. To get a de-fragmented frame, use `newframe = frame.copy()`
  labels["protonated SMD-var-ESP"],labels["deprotonated SMD-var-ESP"],labels["SMD-var-ESP"]=SMD_var_potential_protonated,SMD_var_potential_deprotonated,SMD_var_potential_difference
./ac_base-eq.py:1163: PerformanceWarning: DataFrame is highly fragmented.  This is usually the result of calling `frame.insert` many times, which has poor performance.  Consider joining all columns at once using pd.concat(axis=1) instead. To get a de-fragmented frame, use `newframe = frame.copy()`
  labels["protonated SMD-var-ESP+"],labels["deprotonated SMD-var-ESP+"],labels["SMD-var-ESP+"]=SMD_pos_var_potential_protonated,SMD_pos_var_potential_deprotonated,SMD_pos_var_potential_difference
./ac_base-eq.py:1163: PerformanceWarning: DataFrame is highly fragmented.  This is usually the result of calling `frame.insert` many times, which has poor performance.  Consider joining all columns at once using pd.concat(axis=1) instead. To get a de-fragmented frame, use `newframe = frame.copy()`
  labels["protonated SMD-var-ESP+"],labels["deprotonated SMD-var-ESP+"],labels["SMD-var-ESP+"]=SMD_pos_var_potential_protonated,SMD_pos_var_potential_deprotonated,SMD_pos_var_potential_difference
./ac_base-eq.py:1163: PerformanceWarning: DataFrame is highly fragmented.  This is usually the result of calling `frame.insert` many times, which has poor performance.  Consider joining all columns at once using pd.concat(axis=1) instead. To get a de-fragmented frame, use `newframe = frame.copy()`
  labels["protonated SMD-var-ESP+"],labels["deprotonated SMD-var-ESP+"],labels["SMD-var-ESP+"]=SMD_pos_var_potential_protonated,SMD_pos_var_potential_deprotonated,SMD_pos_var_potential_difference
./ac_base-eq.py:1164: PerformanceWarning: DataFrame is highly fragmented.  This is usually the result of calling `frame.insert` many times, which has poor performance.  Consider joining all columns at once using pd.concat(axis=1) instead. To get a de-fragmented frame, use `newframe = frame.copy()`
  labels["protonated SMD-var-ESP-"],labels["deprotonated SMD-var-ESP-"],labels["SMD-var-ESP-"]=SMD_neg_var_potential_protonated,SMD_neg_var_potential_deprotonated,SMD_neg_var_potential_difference
./ac_base-eq.py:1164: PerformanceWarning: DataFrame is highly fragmented.  This is usually the result of calling `frame.insert` many times, which has poor performance.  Consider joining all columns at once using pd.concat(axis=1) instead. To get a de-fragmented frame, use `newframe = frame.copy()`
  labels["protonated SMD-var-ESP-"],labels["deprotonated SMD-var-ESP-"],labels["SMD-var-ESP-"]=SMD_neg_var_potential_protonated,SMD_neg_var_potential_deprotonated,SMD_neg_var_potential_difference
./ac_base-eq.py:1164: PerformanceWarning: DataFrame is highly fragmented.  This is usually the result of calling `frame.insert` many times, which has poor performance.  Consider joining all columns at once using pd.concat(axis=1) instead. To get a de-fragmented frame, use `newframe = frame.copy()`
  labels["protonated SMD-var-ESP-"],labels["deprotonated SMD-var-ESP-"],labels["SMD-var-ESP-"]=SMD_neg_var_potential_protonated,SMD_neg_var_potential_deprotonated,SMD_neg_var_potential_difference
./ac_base-eq.py:1165: PerformanceWarning: DataFrame is highly fragmented.  This is usually the result of calling `frame.insert` many times, which has poor performance.  Consider joining all columns at once using pd.concat(axis=1) instead. To get a de-fragmented frame, use `newframe = frame.copy()`
  labels["protonated SMD-*PI-ESP"],labels["deprotonated SMD-*PI-ESP"],labels["SMD-pi-ESP"]=SMD_PI_protonated,SMD_PI_deprotonated,SMD_PI_difference
./ac_base-eq.py:1165: PerformanceWarning: DataFrame is highly fragmented.  This is usually the result of calling `frame.insert` many times, which has poor performance.  Consider joining all columns at once using pd.concat(axis=1) instead. To get a de-fragmented frame, use `newframe = frame.copy()`
  labels["protonated SMD-*PI-ESP"],labels["deprotonated SMD-*PI-ESP"],labels["SMD-pi-ESP"]=SMD_PI_protonated,SMD_PI_deprotonated,SMD_PI_difference
./ac_base-eq.py:1165: PerformanceWarning: DataFrame is highly fragmented.  This is usually the result of calling `frame.insert` many times, which has poor performance.  Consider joining all columns at once using pd.concat(axis=1) instead. To get a de-fragmented frame, use `newframe = frame.copy()`
  labels["protonated SMD-*PI-ESP"],labels["deprotonated SMD-*PI-ESP"],labels["SMD-pi-ESP"]=SMD_PI_protonated,SMD_PI_deprotonated,SMD_PI_difference
./ac_base-eq.py:1166: PerformanceWarning: DataFrame is highly fragmented.  This is usually the result of calling `frame.insert` many times, which has poor performance.  Consider joining all columns at once using pd.concat(axis=1) instead. To get a de-fragmented frame, use `newframe = frame.copy()`
  labels["protonated SMD-MPI"],labels["deprotonated SMD-MPI"],labels["SMD-dMPI"]=SMD_MPI_protonated,SMD_MPI_deprotonated,SMD_MPI_difference
./ac_base-eq.py:1166: PerformanceWarning: DataFrame is highly fragmented.  This is usually the result of calling `frame.insert` many times, which has poor performance.  Consider joining all columns at once using pd.concat(axis=1) instead. To get a de-fragmented frame, use `newframe = frame.copy()`
  labels["protonated SMD-MPI"],labels["deprotonated SMD-MPI"],labels["SMD-dMPI"]=SMD_MPI_protonated,SMD_MPI_deprotonated,SMD_MPI_difference
./ac_base-eq.py:1166: PerformanceWarning: DataFrame is highly fragmented.  This is usually the result of calling `frame.insert` many times, which has poor performance.  Consider joining all columns at once using pd.concat(axis=1) instead. To get a de-fragmented frame, use `newframe = frame.copy()`
  labels["protonated SMD-MPI"],labels["deprotonated SMD-MPI"],labels["SMD-dMPI"]=SMD_MPI_protonated,SMD_MPI_deprotonated,SMD_MPI_difference
./ac_base-eq.py:1171: PerformanceWarning: DataFrame is highly fragmented.  This is usually the result of calling `frame.insert` many times, which has poor performance.  Consider joining all columns at once using pd.concat(axis=1) instead. To get a de-fragmented frame, use `newframe = frame.copy()`
  labels["protonated min-LEA"],labels["deprotonated min-LEA"],labels["min-LEA"]=LEA_min_potential_protonated,LEA_min_potential_deprotonated,LEA_min_potential_difference
./ac_base-eq.py:1171: PerformanceWarning: DataFrame is highly fragmented.  This is usually the result of calling `frame.insert` many times, which has poor performance.  Consider joining all columns at once using pd.concat(axis=1) instead. To get a de-fragmented frame, use `newframe = frame.copy()`
  labels["protonated min-LEA"],labels["deprotonated min-LEA"],labels["min-LEA"]=LEA_min_potential_protonated,LEA_min_potential_deprotonated,LEA_min_potential_difference
./ac_base-eq.py:1171: PerformanceWarning: DataFrame is highly fragmented.  This is usually the result of calling `frame.insert` many times, which has poor performance.  Consider joining all columns at once using pd.concat(axis=1) instead. To get a de-fragmented frame, use `newframe = frame.copy()`
  labels["protonated min-LEA"],labels["deprotonated min-LEA"],labels["min-LEA"]=LEA_min_potential_protonated,LEA_min_potential_deprotonated,LEA_min_potential_difference
./ac_base-eq.py:1172: PerformanceWarning: DataFrame is highly fragmented.  This is usually the result of calling `frame.insert` many times, which has poor performance.  Consider joining all columns at once using pd.concat(axis=1) instead. To get a de-fragmented frame, use `newframe = frame.copy()`
  labels["protonated max-LEA"],labels["deprotonated max-LEA"],labels["max-LEA"]=LEA_max_potential_protonated,LEA_max_potential_deprotonated,LEA_max_potential_difference
./ac_base-eq.py:1172: PerformanceWarning: DataFrame is highly fragmented.  This is usually the result of calling `frame.insert` many times, which has poor performance.  Consider joining all columns at once using pd.concat(axis=1) instead. To get a de-fragmented frame, use `newframe = frame.copy()`
  labels["protonated max-LEA"],labels["deprotonated max-LEA"],labels["max-LEA"]=LEA_max_potential_protonated,LEA_max_potential_deprotonated,LEA_max_potential_difference
./ac_base-eq.py:1172: PerformanceWarning: DataFrame is highly fragmented.  This is usually the result of calling `frame.insert` many times, which has poor performance.  Consider joining all columns at once using pd.concat(axis=1) instead. To get a de-fragmented frame, use `newframe = frame.copy()`
  labels["protonated max-LEA"],labels["deprotonated max-LEA"],labels["max-LEA"]=LEA_max_potential_protonated,LEA_max_potential_deprotonated,LEA_max_potential_difference
./ac_base-eq.py:1173: PerformanceWarning: DataFrame is highly fragmented.  This is usually the result of calling `frame.insert` many times, which has poor performance.  Consider joining all columns at once using pd.concat(axis=1) instead. To get a de-fragmented frame, use `newframe = frame.copy()`
  labels["protonated avg-LEA"],labels["deprotonated avg-LEA"],labels["avg-LEA"]=LEA_avg_potential_protonated,LEA_avg_potential_deprotonated,LEA_avg_potential_difference
./ac_base-eq.py:1173: PerformanceWarning: DataFrame is highly fragmented.  This is usually the result of calling `frame.insert` many times, which has poor performance.  Consider joining all columns at once using pd.concat(axis=1) instead. To get a de-fragmented frame, use `newframe = frame.copy()`
  labels["protonated avg-LEA"],labels["deprotonated avg-LEA"],labels["avg-LEA"]=LEA_avg_potential_protonated,LEA_avg_potential_deprotonated,LEA_avg_potential_difference
./ac_base-eq.py:1173: PerformanceWarning: DataFrame is highly fragmented.  This is usually the result of calling `frame.insert` many times, which has poor performance.  Consider joining all columns at once using pd.concat(axis=1) instead. To get a de-fragmented frame, use `newframe = frame.copy()`
  labels["protonated avg-LEA"],labels["deprotonated avg-LEA"],labels["avg-LEA"]=LEA_avg_potential_protonated,LEA_avg_potential_deprotonated,LEA_avg_potential_difference
./ac_base-eq.py:1176: PerformanceWarning: DataFrame is highly fragmented.  This is usually the result of calling `frame.insert` many times, which has poor performance.  Consider joining all columns at once using pd.concat(axis=1) instead. To get a de-fragmented frame, use `newframe = frame.copy()`
  labels["protonated var-LEA"],labels["deprotonated var-LEA"],labels["var-LEA"]=LEA_var_potential_protonated,LEA_var_potential_deprotonated,LEA_var_potential_difference
./ac_base-eq.py:1176: PerformanceWarning: DataFrame is highly fragmented.  This is usually the result of calling `frame.insert` many times, which has poor performance.  Consider joining all columns at once using pd.concat(axis=1) instead. To get a de-fragmented frame, use `newframe = frame.copy()`
  labels["protonated var-LEA"],labels["deprotonated var-LEA"],labels["var-LEA"]=LEA_var_potential_protonated,LEA_var_potential_deprotonated,LEA_var_potential_difference
./ac_base-eq.py:1176: PerformanceWarning: DataFrame is highly fragmented.  This is usually the result of calling `frame.insert` many times, which has poor performance.  Consider joining all columns at once using pd.concat(axis=1) instead. To get a de-fragmented frame, use `newframe = frame.copy()`
  labels["protonated var-LEA"],labels["deprotonated var-LEA"],labels["var-LEA"]=LEA_var_potential_protonated,LEA_var_potential_deprotonated,LEA_var_potential_difference
./ac_base-eq.py:1180: PerformanceWarning: DataFrame is highly fragmented.  This is usually the result of calling `frame.insert` many times, which has poor performance.  Consider joining all columns at once using pd.concat(axis=1) instead. To get a de-fragmented frame, use `newframe = frame.copy()`
  labels["protonated min-ALIE"],labels["deprotonated min-ALIE"],labels["min-ALIE"]=ALIE_min_potential_protonated,ALIE_min_potential_deprotonated,ALIE_min_potential_difference
./ac_base-eq.py:1180: PerformanceWarning: DataFrame is highly fragmented.  This is usually the result of calling `frame.insert` many times, which has poor performance.  Consider joining all columns at once using pd.concat(axis=1) instead. To get a de-fragmented frame, use `newframe = frame.copy()`
  labels["protonated min-ALIE"],labels["deprotonated min-ALIE"],labels["min-ALIE"]=ALIE_min_potential_protonated,ALIE_min_potential_deprotonated,ALIE_min_potential_difference
./ac_base-eq.py:1180: PerformanceWarning: DataFrame is highly fragmented.  This is usually the result of calling `frame.insert` many times, which has poor performance.  Consider joining all columns at once using pd.concat(axis=1) instead. To get a de-fragmented frame, use `newframe = frame.copy()`
  labels["protonated min-ALIE"],labels["deprotonated min-ALIE"],labels["min-ALIE"]=ALIE_min_potential_protonated,ALIE_min_potential_deprotonated,ALIE_min_potential_difference
./ac_base-eq.py:1181: PerformanceWarning: DataFrame is highly fragmented.  This is usually the result of calling `frame.insert` many times, which has poor performance.  Consider joining all columns at once using pd.concat(axis=1) instead. To get a de-fragmented frame, use `newframe = frame.copy()`
  labels["protonated max-ALIE"],labels["deprotonated max-ALIE"],labels["max-ALIE"]=ALIE_max_potential_protonated,ALIE_max_potential_deprotonated,ALIE_max_potential_difference
./ac_base-eq.py:1181: PerformanceWarning: DataFrame is highly fragmented.  This is usually the result of calling `frame.insert` many times, which has poor performance.  Consider joining all columns at once using pd.concat(axis=1) instead. To get a de-fragmented frame, use `newframe = frame.copy()`
  labels["protonated max-ALIE"],labels["deprotonated max-ALIE"],labels["max-ALIE"]=ALIE_max_potential_protonated,ALIE_max_potential_deprotonated,ALIE_max_potential_difference
./ac_base-eq.py:1181: PerformanceWarning: DataFrame is highly fragmented.  This is usually the result of calling `frame.insert` many times, which has poor performance.  Consider joining all columns at once using pd.concat(axis=1) instead. To get a de-fragmented frame, use `newframe = frame.copy()`
  labels["protonated max-ALIE"],labels["deprotonated max-ALIE"],labels["max-ALIE"]=ALIE_max_potential_protonated,ALIE_max_potential_deprotonated,ALIE_max_potential_difference
./ac_base-eq.py:1182: PerformanceWarning: DataFrame is highly fragmented.  This is usually the result of calling `frame.insert` many times, which has poor performance.  Consider joining all columns at once using pd.concat(axis=1) instead. To get a de-fragmented frame, use `newframe = frame.copy()`
  labels["protonated avg-ALIE"],labels["deprotonated avg-ALIE"],labels["avg-ALIE"]=ALIE_avg_potential_protonated,ALIE_avg_potential_deprotonated,ALIE_avg_potential_difference
./ac_base-eq.py:1182: PerformanceWarning: DataFrame is highly fragmented.  This is usually the result of calling `frame.insert` many times, which has poor performance.  Consider joining all columns at once using pd.concat(axis=1) instead. To get a de-fragmented frame, use `newframe = frame.copy()`
  labels["protonated avg-ALIE"],labels["deprotonated avg-ALIE"],labels["avg-ALIE"]=ALIE_avg_potential_protonated,ALIE_avg_potential_deprotonated,ALIE_avg_potential_difference
./ac_base-eq.py:1182: PerformanceWarning: DataFrame is highly fragmented.  This is usually the result of calling `frame.insert` many times, which has poor performance.  Consider joining all columns at once using pd.concat(axis=1) instead. To get a de-fragmented frame, use `newframe = frame.copy()`
  labels["protonated avg-ALIE"],labels["deprotonated avg-ALIE"],labels["avg-ALIE"]=ALIE_avg_potential_protonated,ALIE_avg_potential_deprotonated,ALIE_avg_potential_difference
./ac_base-eq.py:1183: PerformanceWarning: DataFrame is highly fragmented.  This is usually the result of calling `frame.insert` many times, which has poor performance.  Consider joining all columns at once using pd.concat(axis=1) instead. To get a de-fragmented frame, use `newframe = frame.copy()`
  labels["protonated var-ALIE"],labels["deprotonated var-ALIE"],labels["var-ALIE"]=ALIE_var_potential_protonated,ALIE_var_potential_deprotonated,ALIE_var_potential_difference
./ac_base-eq.py:1183: PerformanceWarning: DataFrame is highly fragmented.  This is usually the result of calling `frame.insert` many times, which has poor performance.  Consider joining all columns at once using pd.concat(axis=1) instead. To get a de-fragmented frame, use `newframe = frame.copy()`
  labels["protonated var-ALIE"],labels["deprotonated var-ALIE"],labels["var-ALIE"]=ALIE_var_potential_protonated,ALIE_var_potential_deprotonated,ALIE_var_potential_difference
./ac_base-eq.py:1183: PerformanceWarning: DataFrame is highly fragmented.  This is usually the result of calling `frame.insert` many times, which has poor performance.  Consider joining all columns at once using pd.concat(axis=1) instead. To get a de-fragmented frame, use `newframe = frame.copy()`
  labels["protonated var-ALIE"],labels["deprotonated var-ALIE"],labels["var-ALIE"]=ALIE_var_potential_protonated,ALIE_var_potential_deprotonated,ALIE_var_potential_difference
./ac_base-eq.py:1185: PerformanceWarning: DataFrame is highly fragmented.  This is usually the result of calling `frame.insert` many times, which has poor performance.  Consider joining all columns at once using pd.concat(axis=1) instead. To get a de-fragmented frame, use `newframe = frame.copy()`
  labels["protonated avg|EF|"],labels["deprotonated avg|EF|"]=V_grad_average_protonated,V_grad_average_deprotonated
./ac_base-eq.py:1185: PerformanceWarning: DataFrame is highly fragmented.  This is usually the result of calling `frame.insert` many times, which has poor performance.  Consider joining all columns at once using pd.concat(axis=1) instead. To get a de-fragmented frame, use `newframe = frame.copy()`
  labels["protonated avg|EF|"],labels["deprotonated avg|EF|"]=V_grad_average_protonated,V_grad_average_deprotonated
./ac_base-eq.py:1186: PerformanceWarning: DataFrame is highly fragmented.  This is usually the result of calling `frame.insert` many times, which has poor performance.  Consider joining all columns at once using pd.concat(axis=1) instead. To get a de-fragmented frame, use `newframe = frame.copy()`
  labels["avg|EF|"]=V_grad_average_protonated-V_grad_average_deprotonated
./ac_base-eq.py:1187: PerformanceWarning: DataFrame is highly fragmented.  This is usually the result of calling `frame.insert` many times, which has poor performance.  Consider joining all columns at once using pd.concat(axis=1) instead. To get a de-fragmented frame, use `newframe = frame.copy()`
  labels["protonated avgEF*tang"],labels["deprotonated avgEF*tang"]=V_grad_tang_average_protonated,V_grad_tang_average_deprotonated
./ac_base-eq.py:1187: PerformanceWarning: DataFrame is highly fragmented.  This is usually the result of calling `frame.insert` many times, which has poor performance.  Consider joining all columns at once using pd.concat(axis=1) instead. To get a de-fragmented frame, use `newframe = frame.copy()`
  labels["protonated avgEF*tang"],labels["deprotonated avgEF*tang"]=V_grad_tang_average_protonated,V_grad_tang_average_deprotonated
./ac_base-eq.py:1188: PerformanceWarning: DataFrame is highly fragmented.  This is usually the result of calling `frame.insert` many times, which has poor performance.  Consider joining all columns at once using pd.concat(axis=1) instead. To get a de-fragmented frame, use `newframe = frame.copy()`
  labels["avgEF*tang"]=V_grad_tang_average_protonated-V_grad_tang_average_deprotonated
./ac_base-eq.py:1189: PerformanceWarning: DataFrame is highly fragmented.  This is usually the result of calling `frame.insert` many times, which has poor performance.  Consider joining all columns at once using pd.concat(axis=1) instead. To get a de-fragmented frame, use `newframe = frame.copy()`
  labels["protonated avgEF*norm"],labels["deprotonated avgEF*norm"]=V_grad_norm_average_protonated,V_grad_norm_average_deprotonated
./ac_base-eq.py:1189: PerformanceWarning: DataFrame is highly fragmented.  This is usually the result of calling `frame.insert` many times, which has poor performance.  Consider joining all columns at once using pd.concat(axis=1) instead. To get a de-fragmented frame, use `newframe = frame.copy()`
  labels["protonated avgEF*norm"],labels["deprotonated avgEF*norm"]=V_grad_norm_average_protonated,V_grad_norm_average_deprotonated
./ac_base-eq.py:1190: PerformanceWarning: DataFrame is highly fragmented.  This is usually the result of calling `frame.insert` many times, which has poor performance.  Consider joining all columns at once using pd.concat(axis=1) instead. To get a de-fragmented frame, use `newframe = frame.copy()`
  labels["avgEF*norm"]=V_grad_norm_average_protonated-V_grad_norm_average_deprotonated
./ac_base-eq.py:1192: PerformanceWarning: DataFrame is highly fragmented.  This is usually the result of calling `frame.insert` many times, which has poor performance.  Consider joining all columns at once using pd.concat(axis=1) instead. To get a de-fragmented frame, use `newframe = frame.copy()`
  labels["protonated 0.95q|EF|"],labels["deprotonated 0.95q|EF|"]=V_grad_tang_95_protonated,V_grad_tang_95_deprotonated
./ac_base-eq.py:1192: PerformanceWarning: DataFrame is highly fragmented.  This is usually the result of calling `frame.insert` many times, which has poor performance.  Consider joining all columns at once using pd.concat(axis=1) instead. To get a de-fragmented frame, use `newframe = frame.copy()`
  labels["protonated 0.95q|EF|"],labels["deprotonated 0.95q|EF|"]=V_grad_tang_95_protonated,V_grad_tang_95_deprotonated
./ac_base-eq.py:1193: PerformanceWarning: DataFrame is highly fragmented.  This is usually the result of calling `frame.insert` many times, which has poor performance.  Consider joining all columns at once using pd.concat(axis=1) instead. To get a de-fragmented frame, use `newframe = frame.copy()`
  labels["0.95q|EF|"]=V_grad_95_protonated-V_grad_95_deprotonated
./ac_base-eq.py:1194: PerformanceWarning: DataFrame is highly fragmented.  This is usually the result of calling `frame.insert` many times, which has poor performance.  Consider joining all columns at once using pd.concat(axis=1) instead. To get a de-fragmented frame, use `newframe = frame.copy()`
  labels["protonated 0.95qEF*tang"],labels["deprotonated 0.95qEF*tang"]=V_grad_tang_95_protonated,V_grad_tang_95_deprotonated
./ac_base-eq.py:1194: PerformanceWarning: DataFrame is highly fragmented.  This is usually the result of calling `frame.insert` many times, which has poor performance.  Consider joining all columns at once using pd.concat(axis=1) instead. To get a de-fragmented frame, use `newframe = frame.copy()`
  labels["protonated 0.95qEF*tang"],labels["deprotonated 0.95qEF*tang"]=V_grad_tang_95_protonated,V_grad_tang_95_deprotonated
./ac_base-eq.py:1195: PerformanceWarning: DataFrame is highly fragmented.  This is usually the result of calling `frame.insert` many times, which has poor performance.  Consider joining all columns at once using pd.concat(axis=1) instead. To get a de-fragmented frame, use `newframe = frame.copy()`
  labels["0.95qEF*tang"]=V_grad_tang_95_protonated-V_grad_tang_95_deprotonated
./ac_base-eq.py:1196: PerformanceWarning: DataFrame is highly fragmented.  This is usually the result of calling `frame.insert` many times, which has poor performance.  Consider joining all columns at once using pd.concat(axis=1) instead. To get a de-fragmented frame, use `newframe = frame.copy()`
  labels["protonated 0.95qEF*norm"],labels["deprotonated 0.95qEF*norm"]=V_grad_norm_95_protonated,V_grad_norm_95_deprotonated
./ac_base-eq.py:1196: PerformanceWarning: DataFrame is highly fragmented.  This is usually the result of calling `frame.insert` many times, which has poor performance.  Consider joining all columns at once using pd.concat(axis=1) instead. To get a de-fragmented frame, use `newframe = frame.copy()`
  labels["protonated 0.95qEF*norm"],labels["deprotonated 0.95qEF*norm"]=V_grad_norm_95_protonated,V_grad_norm_95_deprotonated
./ac_base-eq.py:1197: PerformanceWarning: DataFrame is highly fragmented.  This is usually the result of calling `frame.insert` many times, which has poor performance.  Consider joining all columns at once using pd.concat(axis=1) instead. To get a de-fragmented frame, use `newframe = frame.copy()`
  labels["0.95qEF*norm"]=V_grad_norm_95_protonated-V_grad_norm_95_deprotonated
./ac_base-eq.py:1199: PerformanceWarning: DataFrame is highly fragmented.  This is usually the result of calling `frame.insert` many times, which has poor performance.  Consider joining all columns at once using pd.concat(axis=1) instead. To get a de-fragmented frame, use `newframe = frame.copy()`
  labels["protonated 0.9q|EF|"],labels["deprotonated 0.9q|EF|"]=V_grad_tang_90_protonated,V_grad_tang_90_deprotonated
./ac_base-eq.py:1199: PerformanceWarning: DataFrame is highly fragmented.  This is usually the result of calling `frame.insert` many times, which has poor performance.  Consider joining all columns at once using pd.concat(axis=1) instead. To get a de-fragmented frame, use `newframe = frame.copy()`
  labels["protonated 0.9q|EF|"],labels["deprotonated 0.9q|EF|"]=V_grad_tang_90_protonated,V_grad_tang_90_deprotonated
./ac_base-eq.py:1200: PerformanceWarning: DataFrame is highly fragmented.  This is usually the result of calling `frame.insert` many times, which has poor performance.  Consider joining all columns at once using pd.concat(axis=1) instead. To get a de-fragmented frame, use `newframe = frame.copy()`
  labels["0.9q|EF|"]=V_grad_90_protonated-V_grad_95_deprotonated
./ac_base-eq.py:1201: PerformanceWarning: DataFrame is highly fragmented.  This is usually the result of calling `frame.insert` many times, which has poor performance.  Consider joining all columns at once using pd.concat(axis=1) instead. To get a de-fragmented frame, use `newframe = frame.copy()`
  labels["protonated 0.9qEF*tang"],labels["deprotonated 0.9qEF*tang"]=V_grad_tang_90_protonated,V_grad_tang_90_deprotonated
./ac_base-eq.py:1201: PerformanceWarning: DataFrame is highly fragmented.  This is usually the result of calling `frame.insert` many times, which has poor performance.  Consider joining all columns at once using pd.concat(axis=1) instead. To get a de-fragmented frame, use `newframe = frame.copy()`
  labels["protonated 0.9qEF*tang"],labels["deprotonated 0.9qEF*tang"]=V_grad_tang_90_protonated,V_grad_tang_90_deprotonated
./ac_base-eq.py:1202: PerformanceWarning: DataFrame is highly fragmented.  This is usually the result of calling `frame.insert` many times, which has poor performance.  Consider joining all columns at once using pd.concat(axis=1) instead. To get a de-fragmented frame, use `newframe = frame.copy()`
  labels["0.9qEF*tang"]=V_grad_tang_90_protonated-V_grad_tang_95_deprotonated
./ac_base-eq.py:1203: PerformanceWarning: DataFrame is highly fragmented.  This is usually the result of calling `frame.insert` many times, which has poor performance.  Consider joining all columns at once using pd.concat(axis=1) instead. To get a de-fragmented frame, use `newframe = frame.copy()`
  labels["protonated 0.9qEF*norm"],labels["deprotonated 0.9qEF*norm"]=V_grad_norm_90_protonated,V_grad_norm_90_deprotonated
./ac_base-eq.py:1203: PerformanceWarning: DataFrame is highly fragmented.  This is usually the result of calling `frame.insert` many times, which has poor performance.  Consider joining all columns at once using pd.concat(axis=1) instead. To get a de-fragmented frame, use `newframe = frame.copy()`
  labels["protonated 0.9qEF*norm"],labels["deprotonated 0.9qEF*norm"]=V_grad_norm_90_protonated,V_grad_norm_90_deprotonated
./ac_base-eq.py:1204: PerformanceWarning: DataFrame is highly fragmented.  This is usually the result of calling `frame.insert` many times, which has poor performance.  Consider joining all columns at once using pd.concat(axis=1) instead. To get a de-fragmented frame, use `newframe = frame.copy()`
  labels["0.9qEF*norm"]=V_grad_norm_90_protonated-V_grad_norm_95_deprotonated
./ac_base-eq.py:1206: PerformanceWarning: DataFrame is highly fragmented.  This is usually the result of calling `frame.insert` many times, which has poor performance.  Consider joining all columns at once using pd.concat(axis=1) instead. To get a de-fragmented frame, use `newframe = frame.copy()`
  labels["protonated 0.75q|EF|"],labels["deprotonated 0.75q|EF|"]=V_grad_tang_75_protonated,V_grad_tang_75_deprotonated
./ac_base-eq.py:1206: PerformanceWarning: DataFrame is highly fragmented.  This is usually the result of calling `frame.insert` many times, which has poor performance.  Consider joining all columns at once using pd.concat(axis=1) instead. To get a de-fragmented frame, use `newframe = frame.copy()`
  labels["protonated 0.75q|EF|"],labels["deprotonated 0.75q|EF|"]=V_grad_tang_75_protonated,V_grad_tang_75_deprotonated
./ac_base-eq.py:1207: PerformanceWarning: DataFrame is highly fragmented.  This is usually the result of calling `frame.insert` many times, which has poor performance.  Consider joining all columns at once using pd.concat(axis=1) instead. To get a de-fragmented frame, use `newframe = frame.copy()`
  labels["0.75q|EF|"]=V_grad_75_protonated-V_grad_75_deprotonated
./ac_base-eq.py:1208: PerformanceWarning: DataFrame is highly fragmented.  This is usually the result of calling `frame.insert` many times, which has poor performance.  Consider joining all columns at once using pd.concat(axis=1) instead. To get a de-fragmented frame, use `newframe = frame.copy()`
  labels["protonated 0.75qEF*tang"],labels["deprotonated 0.75qEF*tang"]=V_grad_tang_75_protonated,V_grad_tang_75_deprotonated
./ac_base-eq.py:1208: PerformanceWarning: DataFrame is highly fragmented.  This is usually the result of calling `frame.insert` many times, which has poor performance.  Consider joining all columns at once using pd.concat(axis=1) instead. To get a de-fragmented frame, use `newframe = frame.copy()`
  labels["protonated 0.75qEF*tang"],labels["deprotonated 0.75qEF*tang"]=V_grad_tang_75_protonated,V_grad_tang_75_deprotonated
./ac_base-eq.py:1209: PerformanceWarning: DataFrame is highly fragmented.  This is usually the result of calling `frame.insert` many times, which has poor performance.  Consider joining all columns at once using pd.concat(axis=1) instead. To get a de-fragmented frame, use `newframe = frame.copy()`
  labels["0.75qEF*tang"]=V_grad_tang_75_protonated-V_grad_tang_75_deprotonated
./ac_base-eq.py:1210: PerformanceWarning: DataFrame is highly fragmented.  This is usually the result of calling `frame.insert` many times, which has poor performance.  Consider joining all columns at once using pd.concat(axis=1) instead. To get a de-fragmented frame, use `newframe = frame.copy()`
  labels["protonated 0.75qEF*norm"],labels["deprotonated 0.75qEF*norm"]=V_grad_norm_75_protonated,V_grad_norm_75_deprotonated
./ac_base-eq.py:1210: PerformanceWarning: DataFrame is highly fragmented.  This is usually the result of calling `frame.insert` many times, which has poor performance.  Consider joining all columns at once using pd.concat(axis=1) instead. To get a de-fragmented frame, use `newframe = frame.copy()`
  labels["protonated 0.75qEF*norm"],labels["deprotonated 0.75qEF*norm"]=V_grad_norm_75_protonated,V_grad_norm_75_deprotonated
./ac_base-eq.py:1211: PerformanceWarning: DataFrame is highly fragmented.  This is usually the result of calling `frame.insert` many times, which has poor performance.  Consider joining all columns at once using pd.concat(axis=1) instead. To get a de-fragmented frame, use `newframe = frame.copy()`
  labels["0.75qEF*norm"]=V_grad_norm_75_protonated-V_grad_norm_75_deprotonated
./ac_base-eq.py:1213: PerformanceWarning: DataFrame is highly fragmented.  This is usually the result of calling `frame.insert` many times, which has poor performance.  Consider joining all columns at once using pd.concat(axis=1) instead. To get a de-fragmented frame, use `newframe = frame.copy()`
  labels["protonated 0.5q|EF|"],labels["deprotonated 0.5q|EF|"]=V_grad_50_protonated,V_grad_50_deprotonated
./ac_base-eq.py:1213: PerformanceWarning: DataFrame is highly fragmented.  This is usually the result of calling `frame.insert` many times, which has poor performance.  Consider joining all columns at once using pd.concat(axis=1) instead. To get a de-fragmented frame, use `newframe = frame.copy()`
  labels["protonated 0.5q|EF|"],labels["deprotonated 0.5q|EF|"]=V_grad_50_protonated,V_grad_50_deprotonated
./ac_base-eq.py:1214: PerformanceWarning: DataFrame is highly fragmented.  This is usually the result of calling `frame.insert` many times, which has poor performance.  Consider joining all columns at once using pd.concat(axis=1) instead. To get a de-fragmented frame, use `newframe = frame.copy()`
  labels["0.5q|EF|"]=V_grad_50_protonated-V_grad_50_deprotonated
./ac_base-eq.py:1215: PerformanceWarning: DataFrame is highly fragmented.  This is usually the result of calling `frame.insert` many times, which has poor performance.  Consider joining all columns at once using pd.concat(axis=1) instead. To get a de-fragmented frame, use `newframe = frame.copy()`
  labels["protonated 0.5qEF*tang"],labels["deprotonated 0.5qEF*tang"]=V_grad_tang_50_protonated,V_grad_tang_50_deprotonated
./ac_base-eq.py:1215: PerformanceWarning: DataFrame is highly fragmented.  This is usually the result of calling `frame.insert` many times, which has poor performance.  Consider joining all columns at once using pd.concat(axis=1) instead. To get a de-fragmented frame, use `newframe = frame.copy()`
  labels["protonated 0.5qEF*tang"],labels["deprotonated 0.5qEF*tang"]=V_grad_tang_50_protonated,V_grad_tang_50_deprotonated
./ac_base-eq.py:1216: PerformanceWarning: DataFrame is highly fragmented.  This is usually the result of calling `frame.insert` many times, which has poor performance.  Consider joining all columns at once using pd.concat(axis=1) instead. To get a de-fragmented frame, use `newframe = frame.copy()`
  labels["0.5qEF*tang"]=V_grad_tang_50_protonated-V_grad_tang_50_deprotonated
./ac_base-eq.py:1217: PerformanceWarning: DataFrame is highly fragmented.  This is usually the result of calling `frame.insert` many times, which has poor performance.  Consider joining all columns at once using pd.concat(axis=1) instead. To get a de-fragmented frame, use `newframe = frame.copy()`
  labels["protonated 0.5qEF*norm"],labels["deprotonated 0.5qEF*norm"]=V_grad_norm_50_protonated,V_grad_norm_50_deprotonated
./ac_base-eq.py:1217: PerformanceWarning: DataFrame is highly fragmented.  This is usually the result of calling `frame.insert` many times, which has poor performance.  Consider joining all columns at once using pd.concat(axis=1) instead. To get a de-fragmented frame, use `newframe = frame.copy()`
  labels["protonated 0.5qEF*norm"],labels["deprotonated 0.5qEF*norm"]=V_grad_norm_50_protonated,V_grad_norm_50_deprotonated
./ac_base-eq.py:1218: PerformanceWarning: DataFrame is highly fragmented.  This is usually the result of calling `frame.insert` many times, which has poor performance.  Consider joining all columns at once using pd.concat(axis=1) instead. To get a de-fragmented frame, use `newframe = frame.copy()`
  labels["0.5qEF*norm"]=V_grad_norm_50_protonated-V_grad_norm_50_deprotonated
./ac_base-eq.py:1220: PerformanceWarning: DataFrame is highly fragmented.  This is usually the result of calling `frame.insert` many times, which has poor performance.  Consider joining all columns at once using pd.concat(axis=1) instead. To get a de-fragmented frame, use `newframe = frame.copy()`
  labels["protonated avgEF*angle"],labels["deprotonated avgEF*angle"]=V_grad_ang_average_protonated,V_grad_ang_average_deprotonated
./ac_base-eq.py:1220: PerformanceWarning: DataFrame is highly fragmented.  This is usually the result of calling `frame.insert` many times, which has poor performance.  Consider joining all columns at once using pd.concat(axis=1) instead. To get a de-fragmented frame, use `newframe = frame.copy()`
  labels["protonated avgEF*angle"],labels["deprotonated avgEF*angle"]=V_grad_ang_average_protonated,V_grad_ang_average_deprotonated
./ac_base-eq.py:1221: PerformanceWarning: DataFrame is highly fragmented.  This is usually the result of calling `frame.insert` many times, which has poor performance.  Consider joining all columns at once using pd.concat(axis=1) instead. To get a de-fragmented frame, use `newframe = frame.copy()`
  labels["avgEF*angle"]=V_grad_ang_average_protonated-V_grad_ang_average_deprotonated
./ac_base-eq.py:1222: PerformanceWarning: DataFrame is highly fragmented.  This is usually the result of calling `frame.insert` many times, which has poor performance.  Consider joining all columns at once using pd.concat(axis=1) instead. To get a de-fragmented frame, use `newframe = frame.copy()`
  labels["protonated 0.95qEF*angle"],labels["deprotonated 0.95qEF*angle"]=V_grad_ang_95_protonated,V_grad_ang_95_deprotonated
./ac_base-eq.py:1222: PerformanceWarning: DataFrame is highly fragmented.  This is usually the result of calling `frame.insert` many times, which has poor performance.  Consider joining all columns at once using pd.concat(axis=1) instead. To get a de-fragmented frame, use `newframe = frame.copy()`
  labels["protonated 0.95qEF*angle"],labels["deprotonated 0.95qEF*angle"]=V_grad_ang_95_protonated,V_grad_ang_95_deprotonated
./ac_base-eq.py:1223: PerformanceWarning: DataFrame is highly fragmented.  This is usually the result of calling `frame.insert` many times, which has poor performance.  Consider joining all columns at once using pd.concat(axis=1) instead. To get a de-fragmented frame, use `newframe = frame.copy()`
  labels["0.95qEF*angle"]=V_grad_ang_95_protonated-V_grad_ang_95_deprotonated
./ac_base-eq.py:1224: PerformanceWarning: DataFrame is highly fragmented.  This is usually the result of calling `frame.insert` many times, which has poor performance.  Consider joining all columns at once using pd.concat(axis=1) instead. To get a de-fragmented frame, use `newframe = frame.copy()`
  labels["protonated 0.9qEF*angle"],labels["deprotonated 0.9qEF*angle"]=V_grad_ang_90_protonated,V_grad_ang_90_deprotonated
./ac_base-eq.py:1224: PerformanceWarning: DataFrame is highly fragmented.  This is usually the result of calling `frame.insert` many times, which has poor performance.  Consider joining all columns at once using pd.concat(axis=1) instead. To get a de-fragmented frame, use `newframe = frame.copy()`
  labels["protonated 0.9qEF*angle"],labels["deprotonated 0.9qEF*angle"]=V_grad_ang_90_protonated,V_grad_ang_90_deprotonated
./ac_base-eq.py:1225: PerformanceWarning: DataFrame is highly fragmented.  This is usually the result of calling `frame.insert` many times, which has poor performance.  Consider joining all columns at once using pd.concat(axis=1) instead. To get a de-fragmented frame, use `newframe = frame.copy()`
  labels["0.9qEF*angle"]=V_grad_ang_90_protonated-V_grad_ang_90_deprotonated
./ac_base-eq.py:1226: PerformanceWarning: DataFrame is highly fragmented.  This is usually the result of calling `frame.insert` many times, which has poor performance.  Consider joining all columns at once using pd.concat(axis=1) instead. To get a de-fragmented frame, use `newframe = frame.copy()`
  labels["protonated 0.75qEF*angle"],labels["deprotonated 0.75qEF*angle"]=V_grad_ang_75_protonated,V_grad_ang_75_deprotonated
./ac_base-eq.py:1226: PerformanceWarning: DataFrame is highly fragmented.  This is usually the result of calling `frame.insert` many times, which has poor performance.  Consider joining all columns at once using pd.concat(axis=1) instead. To get a de-fragmented frame, use `newframe = frame.copy()`
  labels["protonated 0.75qEF*angle"],labels["deprotonated 0.75qEF*angle"]=V_grad_ang_75_protonated,V_grad_ang_75_deprotonated
./ac_base-eq.py:1227: PerformanceWarning: DataFrame is highly fragmented.  This is usually the result of calling `frame.insert` many times, which has poor performance.  Consider joining all columns at once using pd.concat(axis=1) instead. To get a de-fragmented frame, use `newframe = frame.copy()`
  labels["0.75qEF*angle"]=V_grad_ang_75_protonated-V_grad_ang_75_deprotonated
./ac_base-eq.py:1228: PerformanceWarning: DataFrame is highly fragmented.  This is usually the result of calling `frame.insert` many times, which has poor performance.  Consider joining all columns at once using pd.concat(axis=1) instead. To get a de-fragmented frame, use `newframe = frame.copy()`
  labels["protonated 0.5qEF*angle"],labels["deprotonated 0.5qEF*angle"]=V_grad_ang_50_protonated,V_grad_ang_50_deprotonated
./ac_base-eq.py:1228: PerformanceWarning: DataFrame is highly fragmented.  This is usually the result of calling `frame.insert` many times, which has poor performance.  Consider joining all columns at once using pd.concat(axis=1) instead. To get a de-fragmented frame, use `newframe = frame.copy()`
  labels["protonated 0.5qEF*angle"],labels["deprotonated 0.5qEF*angle"]=V_grad_ang_50_protonated,V_grad_ang_50_deprotonated
./ac_base-eq.py:1229: PerformanceWarning: DataFrame is highly fragmented.  This is usually the result of calling `frame.insert` many times, which has poor performance.  Consider joining all columns at once using pd.concat(axis=1) instead. To get a de-fragmented frame, use `newframe = frame.copy()`
  labels["0.5qEF*angle"]=V_grad_ang_50_protonated-V_grad_ang_50_deprotonated
./ac_base-eq.py:1231: PerformanceWarning: DataFrame is highly fragmented.  This is usually the result of calling `frame.insert` many times, which has poor performance.  Consider joining all columns at once using pd.concat(axis=1) instead. To get a de-fragmented frame, use `newframe = frame.copy()`
  labels["protonated avg|EF|/V"],labels["deprotonated avg|EF|/V"]=V_grad_red_average_protonated,V_grad_red_average_deprotonated
./ac_base-eq.py:1231: PerformanceWarning: DataFrame is highly fragmented.  This is usually the result of calling `frame.insert` many times, which has poor performance.  Consider joining all columns at once using pd.concat(axis=1) instead. To get a de-fragmented frame, use `newframe = frame.copy()`
  labels["protonated avg|EF|/V"],labels["deprotonated avg|EF|/V"]=V_grad_red_average_protonated,V_grad_red_average_deprotonated
./ac_base-eq.py:1232: PerformanceWarning: DataFrame is highly fragmented.  This is usually the result of calling `frame.insert` many times, which has poor performance.  Consider joining all columns at once using pd.concat(axis=1) instead. To get a de-fragmented frame, use `newframe = frame.copy()`
  labels["avg|EF|/V"]=V_grad_red_average_protonated-V_grad_red_average_deprotonated
./ac_base-eq.py:1233: PerformanceWarning: DataFrame is highly fragmented.  This is usually the result of calling `frame.insert` many times, which has poor performance.  Consider joining all columns at once using pd.concat(axis=1) instead. To get a de-fragmented frame, use `newframe = frame.copy()`
  labels["protonated avgEF*tang/V"],labels["deprotonated avgEF*tang/V"]=V_grad_tang_red_average_protonated,V_grad_tang_red_average_deprotonated
./ac_base-eq.py:1233: PerformanceWarning: DataFrame is highly fragmented.  This is usually the result of calling `frame.insert` many times, which has poor performance.  Consider joining all columns at once using pd.concat(axis=1) instead. To get a de-fragmented frame, use `newframe = frame.copy()`
  labels["protonated avgEF*tang/V"],labels["deprotonated avgEF*tang/V"]=V_grad_tang_red_average_protonated,V_grad_tang_red_average_deprotonated
./ac_base-eq.py:1234: PerformanceWarning: DataFrame is highly fragmented.  This is usually the result of calling `frame.insert` many times, which has poor performance.  Consider joining all columns at once using pd.concat(axis=1) instead. To get a de-fragmented frame, use `newframe = frame.copy()`
  labels["avgEF*tang/V"]=V_grad_tang_red_average_protonated-V_grad_tang_red_average_deprotonated
./ac_base-eq.py:1235: PerformanceWarning: DataFrame is highly fragmented.  This is usually the result of calling `frame.insert` many times, which has poor performance.  Consider joining all columns at once using pd.concat(axis=1) instead. To get a de-fragmented frame, use `newframe = frame.copy()`
  labels["protonated avgEF*norm/V"],labels["deprotonated avgEF*norm/V"]=V_grad_norm_red_average_protonated,V_grad_norm_red_average_deprotonated
./ac_base-eq.py:1235: PerformanceWarning: DataFrame is highly fragmented.  This is usually the result of calling `frame.insert` many times, which has poor performance.  Consider joining all columns at once using pd.concat(axis=1) instead. To get a de-fragmented frame, use `newframe = frame.copy()`
  labels["protonated avgEF*norm/V"],labels["deprotonated avgEF*norm/V"]=V_grad_norm_red_average_protonated,V_grad_norm_red_average_deprotonated
./ac_base-eq.py:1236: PerformanceWarning: DataFrame is highly fragmented.  This is usually the result of calling `frame.insert` many times, which has poor performance.  Consider joining all columns at once using pd.concat(axis=1) instead. To get a de-fragmented frame, use `newframe = frame.copy()`
  labels["avgEF*norm/V"]=V_grad_norm_red_average_protonated-V_grad_norm_red_average_deprotonated
./ac_base-eq.py:1237: PerformanceWarning: DataFrame is highly fragmented.  This is usually the result of calling `frame.insert` many times, which has poor performance.  Consider joining all columns at once using pd.concat(axis=1) instead. To get a de-fragmented frame, use `newframe = frame.copy()`
  labels["protonated 0.95q|EF|/V"],labels["deprotonated 0.95q|EF|/V"]=V_grad_red_95_protonated,V_grad_red_95_deprotonated
./ac_base-eq.py:1237: PerformanceWarning: DataFrame is highly fragmented.  This is usually the result of calling `frame.insert` many times, which has poor performance.  Consider joining all columns at once using pd.concat(axis=1) instead. To get a de-fragmented frame, use `newframe = frame.copy()`
  labels["protonated 0.95q|EF|/V"],labels["deprotonated 0.95q|EF|/V"]=V_grad_red_95_protonated,V_grad_red_95_deprotonated
./ac_base-eq.py:1238: PerformanceWarning: DataFrame is highly fragmented.  This is usually the result of calling `frame.insert` many times, which has poor performance.  Consider joining all columns at once using pd.concat(axis=1) instead. To get a de-fragmented frame, use `newframe = frame.copy()`
  labels["0.95q|EF|/V"]=V_grad_red_95_protonated-V_grad_red_95_deprotonated
./ac_base-eq.py:1239: PerformanceWarning: DataFrame is highly fragmented.  This is usually the result of calling `frame.insert` many times, which has poor performance.  Consider joining all columns at once using pd.concat(axis=1) instead. To get a de-fragmented frame, use `newframe = frame.copy()`
  labels["protonated 0.95qEF*tang/V"],labels["deprotonated 0.95qEF*tang/V"]=V_grad_tang_red_95_protonated,V_grad_tang_red_95_deprotonated
./ac_base-eq.py:1239: PerformanceWarning: DataFrame is highly fragmented.  This is usually the result of calling `frame.insert` many times, which has poor performance.  Consider joining all columns at once using pd.concat(axis=1) instead. To get a de-fragmented frame, use `newframe = frame.copy()`
  labels["protonated 0.95qEF*tang/V"],labels["deprotonated 0.95qEF*tang/V"]=V_grad_tang_red_95_protonated,V_grad_tang_red_95_deprotonated
./ac_base-eq.py:1240: PerformanceWarning: DataFrame is highly fragmented.  This is usually the result of calling `frame.insert` many times, which has poor performance.  Consider joining all columns at once using pd.concat(axis=1) instead. To get a de-fragmented frame, use `newframe = frame.copy()`
  labels["0.95qEF*tang/V"]=V_grad_tang_red_95_protonated-V_grad_tang_red_95_deprotonated
./ac_base-eq.py:1241: PerformanceWarning: DataFrame is highly fragmented.  This is usually the result of calling `frame.insert` many times, which has poor performance.  Consider joining all columns at once using pd.concat(axis=1) instead. To get a de-fragmented frame, use `newframe = frame.copy()`
  labels["protonated 0.95qEF*norm/V"],labels["deprotonated 0.95qEF*norm/V"]=V_grad_norm_red_95_protonated,V_grad_norm_red_95_deprotonated
./ac_base-eq.py:1241: PerformanceWarning: DataFrame is highly fragmented.  This is usually the result of calling `frame.insert` many times, which has poor performance.  Consider joining all columns at once using pd.concat(axis=1) instead. To get a de-fragmented frame, use `newframe = frame.copy()`
  labels["protonated 0.95qEF*norm/V"],labels["deprotonated 0.95qEF*norm/V"]=V_grad_norm_red_95_protonated,V_grad_norm_red_95_deprotonated
./ac_base-eq.py:1242: PerformanceWarning: DataFrame is highly fragmented.  This is usually the result of calling `frame.insert` many times, which has poor performance.  Consider joining all columns at once using pd.concat(axis=1) instead. To get a de-fragmented frame, use `newframe = frame.copy()`
  labels["0.95qEF*norm/V"]=V_grad_norm_red_95_protonated-V_grad_norm_red_95_deprotonated
./ac_base-eq.py:1243: PerformanceWarning: DataFrame is highly fragmented.  This is usually the result of calling `frame.insert` many times, which has poor performance.  Consider joining all columns at once using pd.concat(axis=1) instead. To get a de-fragmented frame, use `newframe = frame.copy()`
  labels["protonated 0.9q|EF|/V"],labels["deprotonated 0.9q|EF|/V"]=V_grad_red_90_protonated,V_grad_red_90_deprotonated
./ac_base-eq.py:1243: PerformanceWarning: DataFrame is highly fragmented.  This is usually the result of calling `frame.insert` many times, which has poor performance.  Consider joining all columns at once using pd.concat(axis=1) instead. To get a de-fragmented frame, use `newframe = frame.copy()`
  labels["protonated 0.9q|EF|/V"],labels["deprotonated 0.9q|EF|/V"]=V_grad_red_90_protonated,V_grad_red_90_deprotonated
./ac_base-eq.py:1244: PerformanceWarning: DataFrame is highly fragmented.  This is usually the result of calling `frame.insert` many times, which has poor performance.  Consider joining all columns at once using pd.concat(axis=1) instead. To get a de-fragmented frame, use `newframe = frame.copy()`
  labels["0.9q|EF|/V"]=V_grad_red_90_protonated-V_grad_red_90_deprotonated
./ac_base-eq.py:1245: PerformanceWarning: DataFrame is highly fragmented.  This is usually the result of calling `frame.insert` many times, which has poor performance.  Consider joining all columns at once using pd.concat(axis=1) instead. To get a de-fragmented frame, use `newframe = frame.copy()`
  labels["protonated 0.9qEF*tang/V"],labels["deprotonated 0.9qEF*tang/V"]=V_grad_tang_red_90_protonated,V_grad_tang_red_90_deprotonated
./ac_base-eq.py:1245: PerformanceWarning: DataFrame is highly fragmented.  This is usually the result of calling `frame.insert` many times, which has poor performance.  Consider joining all columns at once using pd.concat(axis=1) instead. To get a de-fragmented frame, use `newframe = frame.copy()`
  labels["protonated 0.9qEF*tang/V"],labels["deprotonated 0.9qEF*tang/V"]=V_grad_tang_red_90_protonated,V_grad_tang_red_90_deprotonated
./ac_base-eq.py:1246: PerformanceWarning: DataFrame is highly fragmented.  This is usually the result of calling `frame.insert` many times, which has poor performance.  Consider joining all columns at once using pd.concat(axis=1) instead. To get a de-fragmented frame, use `newframe = frame.copy()`
  labels["0.9qEF*tang/V"]=V_grad_tang_red_90_protonated-V_grad_tang_red_90_deprotonated
./ac_base-eq.py:1247: PerformanceWarning: DataFrame is highly fragmented.  This is usually the result of calling `frame.insert` many times, which has poor performance.  Consider joining all columns at once using pd.concat(axis=1) instead. To get a de-fragmented frame, use `newframe = frame.copy()`
  labels["protonated 0.9qEF*norm/V"],labels["deprotonated 0.9qEF*norm/V"]=V_grad_norm_red_90_protonated,V_grad_norm_red_90_deprotonated
./ac_base-eq.py:1247: PerformanceWarning: DataFrame is highly fragmented.  This is usually the result of calling `frame.insert` many times, which has poor performance.  Consider joining all columns at once using pd.concat(axis=1) instead. To get a de-fragmented frame, use `newframe = frame.copy()`
  labels["protonated 0.9qEF*norm/V"],labels["deprotonated 0.9qEF*norm/V"]=V_grad_norm_red_90_protonated,V_grad_norm_red_90_deprotonated
./ac_base-eq.py:1248: PerformanceWarning: DataFrame is highly fragmented.  This is usually the result of calling `frame.insert` many times, which has poor performance.  Consider joining all columns at once using pd.concat(axis=1) instead. To get a de-fragmented frame, use `newframe = frame.copy()`
  labels["0.9qEF*norm/V"]=V_grad_tang_red_90_protonated-V_grad_tang_red_90_deprotonated
./ac_base-eq.py:1249: PerformanceWarning: DataFrame is highly fragmented.  This is usually the result of calling `frame.insert` many times, which has poor performance.  Consider joining all columns at once using pd.concat(axis=1) instead. To get a de-fragmented frame, use `newframe = frame.copy()`
  labels["protonated 0.75q|EF|/V"],labels["deprotonated 0.75q|EF|/V"]=V_grad_red_75_protonated,V_grad_red_75_deprotonated
./ac_base-eq.py:1249: PerformanceWarning: DataFrame is highly fragmented.  This is usually the result of calling `frame.insert` many times, which has poor performance.  Consider joining all columns at once using pd.concat(axis=1) instead. To get a de-fragmented frame, use `newframe = frame.copy()`
  labels["protonated 0.75q|EF|/V"],labels["deprotonated 0.75q|EF|/V"]=V_grad_red_75_protonated,V_grad_red_75_deprotonated
./ac_base-eq.py:1250: PerformanceWarning: DataFrame is highly fragmented.  This is usually the result of calling `frame.insert` many times, which has poor performance.  Consider joining all columns at once using pd.concat(axis=1) instead. To get a de-fragmented frame, use `newframe = frame.copy()`
  labels["0.75q|EF|/V"]=V_grad_red_75_protonated-V_grad_red_75_deprotonated
./ac_base-eq.py:1251: PerformanceWarning: DataFrame is highly fragmented.  This is usually the result of calling `frame.insert` many times, which has poor performance.  Consider joining all columns at once using pd.concat(axis=1) instead. To get a de-fragmented frame, use `newframe = frame.copy()`
  labels["protonated 0.75qEF*tang/V"],labels["deprotonated 0.75qEF*tang/V"]=V_grad_tang_red_75_protonated,V_grad_tang_red_75_deprotonated
./ac_base-eq.py:1251: PerformanceWarning: DataFrame is highly fragmented.  This is usually the result of calling `frame.insert` many times, which has poor performance.  Consider joining all columns at once using pd.concat(axis=1) instead. To get a de-fragmented frame, use `newframe = frame.copy()`
  labels["protonated 0.75qEF*tang/V"],labels["deprotonated 0.75qEF*tang/V"]=V_grad_tang_red_75_protonated,V_grad_tang_red_75_deprotonated
./ac_base-eq.py:1252: PerformanceWarning: DataFrame is highly fragmented.  This is usually the result of calling `frame.insert` many times, which has poor performance.  Consider joining all columns at once using pd.concat(axis=1) instead. To get a de-fragmented frame, use `newframe = frame.copy()`
  labels["0.75qEF*tang/V"]=V_grad_tang_red_75_protonated-V_grad_tang_red_75_deprotonated
./ac_base-eq.py:1253: PerformanceWarning: DataFrame is highly fragmented.  This is usually the result of calling `frame.insert` many times, which has poor performance.  Consider joining all columns at once using pd.concat(axis=1) instead. To get a de-fragmented frame, use `newframe = frame.copy()`
  labels["protonated 0.75qEF*norm/V"],labels["deprotonated 0.75qEF*norm/V"]=V_grad_norm_red_75_protonated,V_grad_norm_red_75_deprotonated
./ac_base-eq.py:1253: PerformanceWarning: DataFrame is highly fragmented.  This is usually the result of calling `frame.insert` many times, which has poor performance.  Consider joining all columns at once using pd.concat(axis=1) instead. To get a de-fragmented frame, use `newframe = frame.copy()`
  labels["protonated 0.75qEF*norm/V"],labels["deprotonated 0.75qEF*norm/V"]=V_grad_norm_red_75_protonated,V_grad_norm_red_75_deprotonated
./ac_base-eq.py:1254: PerformanceWarning: DataFrame is highly fragmented.  This is usually the result of calling `frame.insert` many times, which has poor performance.  Consider joining all columns at once using pd.concat(axis=1) instead. To get a de-fragmented frame, use `newframe = frame.copy()`
  labels["0.75qEF*norm/V"]=V_grad_norm_red_75_protonated-V_grad_norm_red_75_deprotonated
./ac_base-eq.py:1255: PerformanceWarning: DataFrame is highly fragmented.  This is usually the result of calling `frame.insert` many times, which has poor performance.  Consider joining all columns at once using pd.concat(axis=1) instead. To get a de-fragmented frame, use `newframe = frame.copy()`
  labels["protonated 0.5qEF*mod/V"],labels["deprotonated 0.5qEF*mod/V"]=V_grad_red_50_protonated,V_grad_red_50_deprotonated
./ac_base-eq.py:1255: PerformanceWarning: DataFrame is highly fragmented.  This is usually the result of calling `frame.insert` many times, which has poor performance.  Consider joining all columns at once using pd.concat(axis=1) instead. To get a de-fragmented frame, use `newframe = frame.copy()`
  labels["protonated 0.5qEF*mod/V"],labels["deprotonated 0.5qEF*mod/V"]=V_grad_red_50_protonated,V_grad_red_50_deprotonated
./ac_base-eq.py:1256: PerformanceWarning: DataFrame is highly fragmented.  This is usually the result of calling `frame.insert` many times, which has poor performance.  Consider joining all columns at once using pd.concat(axis=1) instead. To get a de-fragmented frame, use `newframe = frame.copy()`
  labels["0.5qEF*mod/V"]=V_grad_red_50_protonated-V_grad_red_50_deprotonated
./ac_base-eq.py:1257: PerformanceWarning: DataFrame is highly fragmented.  This is usually the result of calling `frame.insert` many times, which has poor performance.  Consider joining all columns at once using pd.concat(axis=1) instead. To get a de-fragmented frame, use `newframe = frame.copy()`
  labels["protonated 0.5qEF*tang/V"],labels["deprotonated 0.5qEF*tang/V"]=V_grad_tang_red_50_protonated,V_grad_tang_red_50_deprotonated
./ac_base-eq.py:1257: PerformanceWarning: DataFrame is highly fragmented.  This is usually the result of calling `frame.insert` many times, which has poor performance.  Consider joining all columns at once using pd.concat(axis=1) instead. To get a de-fragmented frame, use `newframe = frame.copy()`
  labels["protonated 0.5qEF*tang/V"],labels["deprotonated 0.5qEF*tang/V"]=V_grad_tang_red_50_protonated,V_grad_tang_red_50_deprotonated
./ac_base-eq.py:1258: PerformanceWarning: DataFrame is highly fragmented.  This is usually the result of calling `frame.insert` many times, which has poor performance.  Consider joining all columns at once using pd.concat(axis=1) instead. To get a de-fragmented frame, use `newframe = frame.copy()`
  labels["0.5qEF*tang/V"]=V_grad_tang_red_50_protonated-V_grad_tang_red_50_deprotonated
./ac_base-eq.py:1259: PerformanceWarning: DataFrame is highly fragmented.  This is usually the result of calling `frame.insert` many times, which has poor performance.  Consider joining all columns at once using pd.concat(axis=1) instead. To get a de-fragmented frame, use `newframe = frame.copy()`
  labels["protonated 0.5qEF*norm/V"],labels["deprotonated 0.5qEF*norm/V"]=V_grad_norm_red_50_protonated,V_grad_norm_red_50_deprotonated
./ac_base-eq.py:1259: PerformanceWarning: DataFrame is highly fragmented.  This is usually the result of calling `frame.insert` many times, which has poor performance.  Consider joining all columns at once using pd.concat(axis=1) instead. To get a de-fragmented frame, use `newframe = frame.copy()`
  labels["protonated 0.5qEF*norm/V"],labels["deprotonated 0.5qEF*norm/V"]=V_grad_norm_red_50_protonated,V_grad_norm_red_50_deprotonated
./ac_base-eq.py:1260: PerformanceWarning: DataFrame is highly fragmented.  This is usually the result of calling `frame.insert` many times, which has poor performance.  Consider joining all columns at once using pd.concat(axis=1) instead. To get a de-fragmented frame, use `newframe = frame.copy()`
  labels["0.5qEF*norm/V"]=V_grad_norm_red_50_protonated-V_grad_norm_red_50_deprotonated
Traceback (most recent call last):
  File "./ac_base-eq.py", line 715, in <module>
    protonated_gibbs_free_energies=protonated_gibbs_free_energies-np.min(deprotonated_gibbs_free_energies)
  File "<__array_function__ internals>", line 180, in amin
  File "/home/lsimon/.local/lib/python3.8/site-packages/numpy/core/fromnumeric.py", line 2918, in amin
    return _wrapreduction(a, np.minimum, 'min', axis, None, out,
  File "/home/lsimon/.local/lib/python3.8/site-packages/numpy/core/fromnumeric.py", line 86, in _wrapreduction
    return ufunc.reduce(obj, axis, dtype, out, **passkwargs)
ValueError: zero-size array to reduction operation minimum which has no identity
