@%#%%%@@@%@@=----+-:=*+=:..:.-.:.:.....-+@@@%%@@@=::....:.:-.-+@@@@@@@@@%@@@@@@@@@@@@@@@@@@@@@@@@@@@@@@@@@@@@@@@=.......
@%@%%@@@%@@#-==::.::..:=...:....:.....*-%@@@@@@@*..::::.:+-:::::::-#%@@@@%@@@@@@@@@@@@@@@@@@@@@@@@@@@@@@@@@@@@@@@=......
%@%@%@%%%%@@%#-:::.:...:.:....:.........+@@%@@@*:..::..::::+-:....:%+--==+##+#%%*#%%%%%%@@@@@@@@@@@@@@@@@@@@@@@@+.......
@%#%@@@%%%%%#+=--::::....:.....:.........#@%%@@+....:::..:+%-::..:....:.:===-==##%#*%@@@@@@@@@@@@@@@@@@@@@@@@@%.........
#+**#**###*#*+-=-+::...:::.::::.........@##%%%%*...:::--:-:.:.:.:...:::-==*+-*++#%%%%%@%%@@@@@@@@@@@@@@@@@@@@@@=:.......
#-------=-=+=---:-:%@@@.:::.::...........:@%@@%+...::::.:....::......::=-----+=+*#%@%%@@@@@@@@@@@@@@@@@@@@@@@%:.......:.
%#==-====:-:=-::..%%@@@@+::::::...........#@%%+:..:::::.......::::.::-=--=--==:=*%@@%@@@@@@@@@@@@@@@@@@@@@@@@%..........
%+++==--:-:-+@@.@@@@@@@@@#:...............-@@%+:..:.:.........:.:--:.-=---=-=-+-##%%%%%@@@@@@@@@@@%%@@@@@@@@@...........
*#**=::::::%:@@#@@@@@@@@%::................@@@*:...:.:..........-:+:.---:-==*****+*%%%%@@%%@@@@@@@@@@@@@@@@@............
====--:--::=.%@@@@@@@@@@...................#@@*:................=.-=:=---=:=:=+=#*%*#%%%@%@@@@@@@@@@@@@@@@@@............
=::=-=-:-::.-@@+*=--@@@@-..................-@@%*...................::--=--:==:##=+%*+%%%%@%%@@@@@@@@@@@@@@@%............
-:-*--::::-%:@@-%@@@@@@@#...................@@@#:.................::.:==-=+-=++*%%#**%%@@%%@@@@%@@@@@@@@@@@*............
:::=--:::::==@@#%@@@@@@@@...................@@%%:.............:...:-:---+====**%##%**%%@%%%%@%@@@@@@@@@@@@@@@@#.........
-:=====:--::%*@@+@@@@@@@@=....:............:@@@*:.............--:::::-=+=++--*%##@-#%@%@%@@@@@@@@@%@@@@@@@@@@@@.:.......
---=---:.:::@:@@-@@@@@@@@%..:...............:@@:......:......:--===-+*#**--=*==++*#%%@@%@%@@@@@@@@@@@@@@@@@@@@@:........
.-*===-:...:=-@@*%@@@@@@@@...:............:..#@.................=+--%*#@@#=-===-*#=+%@##%%%@@@@@@@@@@@@@@@@@@@@.........
....:::..::::%+@@=@%@@@@@@-..................*%..................-:-*-:=#--=#*=::++*%%%%%%@@@@@@@@@@@@@@@@@@@@@.........
..........:::@:@@-@@@@@@@@%:::...............+%.....::::::.........:--::+::-#+---+%@@@@@@%@@@@@%@@@@@@@@@@@@@@@.........
..........:::+:@@%@@%@@@@@@::...............:*#....::.:-#%%%@*#%*%#-:-::=::-#*##%@%@%@@%%@%@#*++@@@@@@@@@@@@@@@...-:....
...........:::*#@@-@@@@@@@@-...............-=+%..........:-#%@@@@@@+*=:::::#@@@@@@@%...@@*@@@@%%@@@@@@@@@@@@@@@....:....
...........:..%@@@:@@@@@@@@@................-#.........*:....-@@#@@=*.....:#@@@@@@@%-:-+%@@%@@@@@@@@@@@@@@@@@@@.....:.::
..............@@@@%@@@@@@@@@.................:...........-...+@@%@%%:.....-%@@@@@@%#++*##@%%@@@@@@@@@@@@@@@@@@:.....::.:
.....#@@*....+@@@@@:@@@@@@@@-.................:............:.--=*##+.....-+%%@@@@@@%%#++=##%@%@@@@@@@@@@@@@@@=....::::..
...:%@%@%*@.%@@@@@@.@@@@%@@%@.................................:::-:......-#%@@@@@%@@%%####%%%@%@%@@@@@@@@@@@*.......::.:
....==:-*@@@@@+@@@@#%@@@%@@@@........... .....................:..........:*%@@@@@@@@@@@%%##*%#@%@@@%@@@@@@@#.........:-.
....::.:+@::#@@+@@@%:@@@@@@@@+...........................................:*@@@@%@@@@@@@@%%###%%@@@@@@@@@##:.....:::-:::.
...:*@@@@@....%@%@@@:@@@@%@@@@.........................................:.:#%@@@@@@@%%@@@@%##%%@@@@@@%@@@..........:.::::
....@@@@+*@%=.:@@@%*@@%%@%@@@@............... ......................::....=%@@@@@@%@%@%@%%%%%%@@@@@@@@@@..........::::=:
....@@@::::+@@=@@@@@@+@@@%@@@@*..................................:.::-:..-+#%@@@@@@##%%%%%%%%%@@%@@@@@@@.....:::::--=+::
....@@@#...-#%@@@@@@@@@@@@%@@@@+...............................:=:.......=-**@@@@@@@*=+#@#@%@@@@%%@%@@@%.........:....::
@@@@@@@@@:.:-#@@@@:#@@@%%%%@@@@@........ ........:.............=-....=...:::-#+==@@@@+=##%%@%@@@@%@@@%@%..........:...:-
@@@@@@@@@%.:-=%@@@@=@@@@@@%@@@%@...... ........:::.............=.:........:=%@@@@@@@@@*+##%%@@@@%@@@@@@@-............::.
*%%@@@@@@@-:==+%@@@@@@@@@@@@@@@%*...........:...:::...:.:.....:.:::=:-::::*#%%@@@@@@@@@%*#%%@@@@@%@@@@@@@:......:::::---
:-=%@@@@@@@:::#%@@@@@@@@@@@%@@@@@.............::::.:::.........--:=+---+##=:*%@@@@@@@@@@%%%%@@@@@@@%@%@@@%..............
.:-+#@@@@@@-:-*@@@@@@@@@@@@@@@@@@.......:::.:::::::-::::..::..:---:--:-:#@-.-%@@%@@@@@@@@%@@@@@@@%@@@@@@@@*.............
*:.:*@@@@@@%::+@@@@@@@@@@@@%@@@@@#....-::..::::-----.:::..::..:..........::-++%%%%@%%*@@@@@@@@@@@@@@@@@@@@@*......:.....
@@::-:=@@@@@:-#@@@@@@@@@@@@@@@@@@@..:-:::::::-=**+:.:=#:::::.....-+#%%%%+-+@@#@@@@@@+=*@@*%@@@@@@@@@@@@@@@@@*....::--:::
@@@:-:-#@@@@--#%@@@@@@@@@@@@:%@@@@::::::::--=+###:.-::%+-::::::.:..::::@@%#*==@@@@@@@%%%%=#@@@@@@@@@@@@@@@@@@=..........
@@@@=.:*@@@@--=%@@@@@@@@@@@@%-@@@@@@=::::--=+#%=.::::-%+-=::::::::....:::+:*#@@%%@@%%@%@%#%@@@@%@@@@@@@@@@@@@@%........:
@@@@+#@@@@@*-:-#@@@@@@@@@@%@@@@@@@@%:::---=*#%::::::#@#--=+-::::::-::::=#+=%=*##%#*%*%%#%@@@@@@@@@@@@@@@@@@@@@@@.......:
@@:::=@@@@@%*--#@@@@@@@@@@@@@%@@@@@+::-:=++#-:::::*@@@*=--=+=--:-::::::+=*##+*==+%@#@%*%%@@@@@@@@@@@@@@@@@@@@@@@@@#:::-:
@+...+@@@@@@=:-%@@@@@@@@@@@@@@@@@@@::--+=##:::::=@@@@@#=---*#=+=-::::::-==-*%#@@*%#%@@@@@@@@@@@@@@@@@@@@@@@@@@@@@@@%#@#-
%:...+@@@@@%:.-+#@@@@@@@@@@@@@@@@@::-=**%=::::-@@@@@@@%+=--+##==---::-:+=@%#=#@@%%@@@@@@@@@%%@%@@@@@@@@@@@%%@@@%%@@%@#%-
:...:*%@@@%%-:-+#@@@@@@@@@@@@@@@*-:-=+%%::-:-%@@@@@@@@@=--*%@@---===---+#@@===#%@@@@@%%@%%%%%%%@@@@@@%*%*#%##@@%%@@@%@%-
:-:::+%@@@%=--+@@@@@@@@@@@@@@@@#--=+*%=:---*@@@@@@@@@@@=--*@@%=:--:--*+-*%@#=#%@@@@@%%*****%#%@@@@@++==++=+%#%%@@@@@%+--
+=--+#@%@##==#@@@@@@@@@@@@@@@*.:--+##=----@@@@@@@@@@@@@+--*%@%-::---+%#+%%@%%#@#+-+@++++=*#%%%%@#-++%==--=+*+#%@@@@@#---
=#%+=+%@##=+%@@@@@@%%@@@@@@@@@@--*%%+--=#@@@@@@@@@@@@@@+--#@@+-----+%=-----:---+#-+*+=++=+*#@@---++@@@+--=-=-=*#%%#%%*==
-#@#-*%@%%@%@@@@@@@@@@@+@%@@@@@@%@@=-==*@@@@@@@@@@@@@@@+-=#@@+==**%+:--::---===+*=+=++++=*%===#@%@*=*#-==#=++++*%@@@@@@@
*%%%@%@@%@@@@@@@@@@@@@@#@+=@-@%+%#-=+==@@@@@@@@@@@@@@%@=-*@@%==*%*=-----=---===++=+*+***=-%+@%@%=--=%+--=+=#@@@@@@@@@@@%
  .oooooo.                     oooo    oooo                ooo        ooooo oooooooooooo                         Graphic
 d8P'  `Y8b                    `888   .8P'                 `88.       .888' `888'     `8                             pKa
888                 oo.ooooo.   888  d8'     .oooo.         888b     d'888   888                                 dataset
888                  888' `88b  88888[      `P  )88b        8 Y88. .P  888   888oooo8                               with
888     ooooo 88888  888   888  888`88b.     .oP'888        8  `888'   888   888                        Microequilibrium
`88.    .88'         888   888  888  `88b.  d8(  888        8    Y     888   888                               extracted
 `Y8bood8P'          888bod8P' o888o  o888o `Y888''8o      o8o        o888o o888o                               Features
                     888                                                                                                
                    o888o                                     (you can pronounce it as: "Yippee-kay-yay MotherF*cker")
{'nl_bootstrap': True, 'nl_ccp_alpha': 0.0, 'nl_criterion': 'squared_error', 'nl_max_depth': None, 'nl_max_features': 1.0, 'nl_max_leaf_nodes': None, 'nl_max_samples': None, 'nl_min_impurity_decrease': 0.0, 'nl_min_samples_leaf': 1, 'nl_min_samples_split': 2, 'nl_min_weight_fraction_leaf': 0.0, 'nl_n_estimators': 100, 'nl_n_jobs': 14, 'nl_oob_score': False, 'nl_random_state': 42, 'nl_verbose': 0, 'nl_warm_start': False}
{'nl_bootstrap': True, 'nl_ccp_alpha': 0.0, 'nl_criterion': 'squared_error', 'nl_max_depth': None, 'nl_max_features': 1.0, 'nl_max_leaf_nodes': None, 'nl_max_samples': None, 'nl_min_impurity_decrease': 0.0, 'nl_min_samples_leaf': 1, 'nl_min_samples_split': 2, 'nl_min_weight_fraction_leaf': 0.0, 'nl_n_estimators': 100, 'nl_n_jobs': 14, 'nl_oob_score': False, 'nl_random_state': 42, 'nl_verbose': 0, 'nl_warm_start': False}
{'nl_bootstrap': True, 'nl_ccp_alpha': 0.0, 'nl_criterion': 'squared_error', 'nl_max_depth': None, 'nl_max_features': 1.0, 'nl_max_leaf_nodes': None, 'nl_max_samples': None, 'nl_min_impurity_decrease': 0.0, 'nl_min_samples_leaf': 1, 'nl_min_samples_split': 2, 'nl_min_weight_fraction_leaf': 0.0, 'nl_n_estimators': 100, 'nl_n_jobs': 14, 'nl_oob_score': False, 'nl_random_state': 42, 'nl_verbose': 0, 'nl_warm_start': False}
{'nl_bootstrap': True, 'nl_ccp_alpha': 0.0, 'nl_criterion': 'squared_error', 'nl_max_depth': None, 'nl_max_features': 1.0, 'nl_max_leaf_nodes': None, 'nl_max_samples': None, 'nl_min_impurity_decrease': 0.0, 'nl_min_samples_leaf': 1, 'nl_min_samples_split': 2, 'nl_min_weight_fraction_leaf': 0.0, 'nl_n_estimators': 100, 'nl_n_jobs': 14, 'nl_oob_score': False, 'nl_random_state': 42, 'nl_verbose': 0, 'nl_warm_start': False}
{'nl_bootstrap': True, 'nl_ccp_alpha': 0.0, 'nl_criterion': 'squared_error', 'nl_max_depth': None, 'nl_max_features': 1.0, 'nl_max_leaf_nodes': None, 'nl_max_samples': None, 'nl_min_impurity_decrease': 0.0, 'nl_min_samples_leaf': 1, 'nl_min_samples_split': 2, 'nl_min_weight_fraction_leaf': 0.0, 'nl_n_estimators': 100, 'nl_n_jobs': 14, 'nl_oob_score': False, 'nl_random_state': 42, 'nl_verbose': 0, 'nl_warm_start': False}
{'nl_bootstrap': True, 'nl_ccp_alpha': 0.0, 'nl_criterion': 'squared_error', 'nl_max_depth': None, 'nl_max_features': 1.0, 'nl_max_leaf_nodes': None, 'nl_max_samples': None, 'nl_min_impurity_decrease': 0.0, 'nl_min_samples_leaf': 1, 'nl_min_samples_split': 2, 'nl_min_weight_fraction_leaf': 0.0, 'nl_n_estimators': 100, 'nl_n_jobs': 14, 'nl_oob_score': False, 'nl_random_state': 42, 'nl_verbose': 0, 'nl_warm_start': False}
{'nl_bootstrap': True, 'nl_ccp_alpha': 0.0, 'nl_criterion': 'squared_error', 'nl_max_depth': None, 'nl_max_features': 1.0, 'nl_max_leaf_nodes': None, 'nl_max_samples': None, 'nl_min_impurity_decrease': 0.0, 'nl_min_samples_leaf': 1, 'nl_min_samples_split': 2, 'nl_min_weight_fraction_leaf': 0.0, 'nl_n_estimators': 100, 'nl_n_jobs': 14, 'nl_oob_score': False, 'nl_random_state': 42, 'nl_verbose': 0, 'nl_warm_start': False}
{'nl_bootstrap': True, 'nl_ccp_alpha': 0.0, 'nl_criterion': 'squared_error', 'nl_max_depth': None, 'nl_max_features': 1.0, 'nl_max_leaf_nodes': None, 'nl_max_samples': None, 'nl_min_impurity_decrease': 0.0, 'nl_min_samples_leaf': 1, 'nl_min_samples_split': 2, 'nl_min_weight_fraction_leaf': 0.0, 'nl_n_estimators': 100, 'nl_n_jobs': 14, 'nl_oob_score': False, 'nl_random_state': 42, 'nl_verbose': 0, 'nl_warm_start': False}
{'nl_bootstrap': True, 'nl_ccp_alpha': 0.0, 'nl_criterion': 'squared_error', 'nl_max_depth': None, 'nl_max_features': 1.0, 'nl_max_leaf_nodes': None, 'nl_max_samples': None, 'nl_min_impurity_decrease': 0.0, 'nl_min_samples_leaf': 1, 'nl_min_samples_split': 2, 'nl_min_weight_fraction_leaf': 0.0, 'nl_n_estimators': 100, 'nl_n_jobs': 14, 'nl_oob_score': False, 'nl_random_state': 42, 'nl_verbose': 0, 'nl_warm_start': False}
{'nl_bootstrap': True, 'nl_ccp_alpha': 0.0, 'nl_criterion': 'squared_error', 'nl_max_depth': None, 'nl_max_features': 1.0, 'nl_max_leaf_nodes': None, 'nl_max_samples': None, 'nl_min_impurity_decrease': 0.0, 'nl_min_samples_leaf': 1, 'nl_min_samples_split': 2, 'nl_min_weight_fraction_leaf': 0.0, 'nl_n_estimators': 100, 'nl_n_jobs': 14, 'nl_oob_score': False, 'nl_random_state': 42, 'nl_verbose': 0, 'nl_warm_start': False}
{'nl_bootstrap': True, 'nl_ccp_alpha': 0.0, 'nl_criterion': 'squared_error', 'nl_max_depth': None, 'nl_max_features': 1.0, 'nl_max_leaf_nodes': None, 'nl_max_samples': None, 'nl_min_impurity_decrease': 0.0, 'nl_min_samples_leaf': 1, 'nl_min_samples_split': 2, 'nl_min_weight_fraction_leaf': 0.0, 'nl_n_estimators': 100, 'nl_n_jobs': 14, 'nl_oob_score': False, 'nl_random_state': 42, 'nl_verbose': 0, 'nl_warm_start': False}
{'nl_bootstrap': True, 'nl_ccp_alpha': 0.0, 'nl_criterion': 'squared_error', 'nl_max_depth': None, 'nl_max_features': 1.0, 'nl_max_leaf_nodes': None, 'nl_max_samples': None, 'nl_min_impurity_decrease': 0.0, 'nl_min_samples_leaf': 1, 'nl_min_samples_split': 2, 'nl_min_weight_fraction_leaf': 0.0, 'nl_n_estimators': 100, 'nl_n_jobs': 14, 'nl_oob_score': False, 'nl_random_state': 42, 'nl_verbose': 0, 'nl_warm_start': False}
{'nl_bootstrap': True, 'nl_ccp_alpha': 0.0, 'nl_criterion': 'squared_error', 'nl_max_depth': None, 'nl_max_features': 1.0, 'nl_max_leaf_nodes': None, 'nl_max_samples': None, 'nl_min_impurity_decrease': 0.0, 'nl_min_samples_leaf': 1, 'nl_min_samples_split': 2, 'nl_min_weight_fraction_leaf': 0.0, 'nl_n_estimators': 100, 'nl_n_jobs': 14, 'nl_oob_score': False, 'nl_random_state': 42, 'nl_verbose': 0, 'nl_warm_start': False}
{'nl_bootstrap': True, 'nl_ccp_alpha': 0.0, 'nl_criterion': 'squared_error', 'nl_max_depth': None, 'nl_max_features': 1.0, 'nl_max_leaf_nodes': None, 'nl_max_samples': None, 'nl_min_impurity_decrease': 0.0, 'nl_min_samples_leaf': 1, 'nl_min_samples_split': 2, 'nl_min_weight_fraction_leaf': 0.0, 'nl_n_estimators': 100, 'nl_n_jobs': 14, 'nl_oob_score': False, 'nl_random_state': 42, 'nl_verbose': 0, 'nl_warm_start': False}
{'nl_bootstrap': True, 'nl_ccp_alpha': 0.0, 'nl_criterion': 'squared_error', 'nl_max_depth': None, 'nl_max_features': 1.0, 'nl_max_leaf_nodes': None, 'nl_max_samples': None, 'nl_min_impurity_decrease': 0.0, 'nl_min_samples_leaf': 1, 'nl_min_samples_split': 2, 'nl_min_weight_fraction_leaf': 0.0, 'nl_n_estimators': 100, 'nl_n_jobs': 14, 'nl_oob_score': False, 'nl_random_state': 42, 'nl_verbose': 0, 'nl_warm_start': False}
{'nl_bootstrap': True, 'nl_ccp_alpha': 0.0, 'nl_criterion': 'squared_error', 'nl_max_depth': None, 'nl_max_features': 1.0, 'nl_max_leaf_nodes': None, 'nl_max_samples': None, 'nl_min_impurity_decrease': 0.0, 'nl_min_samples_leaf': 1, 'nl_min_samples_split': 2, 'nl_min_weight_fraction_leaf': 0.0, 'nl_n_estimators': 100, 'nl_n_jobs': 14, 'nl_oob_score': False, 'nl_random_state': 42, 'nl_verbose': 0, 'nl_warm_start': False}
{'nl_bootstrap': True, 'nl_ccp_alpha': 0.0, 'nl_criterion': 'squared_error', 'nl_max_depth': None, 'nl_max_features': 1.0, 'nl_max_leaf_nodes': None, 'nl_max_samples': None, 'nl_min_impurity_decrease': 0.0, 'nl_min_samples_leaf': 1, 'nl_min_samples_split': 2, 'nl_min_weight_fraction_leaf': 0.0, 'nl_n_estimators': 100, 'nl_n_jobs': 14, 'nl_oob_score': False, 'nl_random_state': 42, 'nl_verbose': 0, 'nl_warm_start': False}
{'nl_bootstrap': True, 'nl_ccp_alpha': 0.0, 'nl_criterion': 'squared_error', 'nl_max_depth': None, 'nl_max_features': 1.0, 'nl_max_leaf_nodes': None, 'nl_max_samples': None, 'nl_min_impurity_decrease': 0.0, 'nl_min_samples_leaf': 1, 'nl_min_samples_split': 2, 'nl_min_weight_fraction_leaf': 0.0, 'nl_n_estimators': 100, 'nl_n_jobs': 14, 'nl_oob_score': False, 'nl_random_state': 42, 'nl_verbose': 0, 'nl_warm_start': False}
{'nl_bootstrap': True, 'nl_ccp_alpha': 0.0, 'nl_criterion': 'squared_error', 'nl_max_depth': None, 'nl_max_features': 1.0, 'nl_max_leaf_nodes': None, 'nl_max_samples': None, 'nl_min_impurity_decrease': 0.0, 'nl_min_samples_leaf': 1, 'nl_min_samples_split': 2, 'nl_min_weight_fraction_leaf': 0.0, 'nl_n_estimators': 100, 'nl_n_jobs': 14, 'nl_oob_score': False, 'nl_random_state': 42, 'nl_verbose': 0, 'nl_warm_start': False}
{'nl_bootstrap': True, 'nl_ccp_alpha': 0.0, 'nl_criterion': 'squared_error', 'nl_max_depth': None, 'nl_max_features': 1.0, 'nl_max_leaf_nodes': None, 'nl_max_samples': None, 'nl_min_impurity_decrease': 0.0, 'nl_min_samples_leaf': 1, 'nl_min_samples_split': 2, 'nl_min_weight_fraction_leaf': 0.0, 'nl_n_estimators': 100, 'nl_n_jobs': 14, 'nl_oob_score': False, 'nl_random_state': 42, 'nl_verbose': 0, 'nl_warm_start': False}
{'nl_objective': 'reg:squarederror', 'nl_base_score': None, 'nl_booster': None, 'nl_callbacks': None, 'nl_colsample_bylevel': None, 'nl_colsample_bynode': None, 'nl_colsample_bytree': None, 'nl_device': None, 'nl_early_stopping_rounds': None, 'nl_eval_metric': None, 'nl_feature_types': None, 'nl_gamma': None, 'nl_grow_policy': None, 'nl_importance_type': None, 'nl_interaction_constraints': None, 'nl_learning_rate': None, 'nl_max_bin': None, 'nl_max_cat_threshold': None, 'nl_max_cat_to_onehot': None, 'nl_max_delta_step': None, 'nl_max_depth': None, 'nl_max_leaves': None, 'nl_min_child_weight': None, 'nl_missing': nan, 'nl_monotone_constraints': None, 'nl_multi_strategy': None, 'nl_n_estimators': 10, 'nl_n_jobs': 14, 'nl_num_parallel_tree': None, 'nl_random_state': 42, 'nl_reg_alpha': None, 'nl_reg_lambda': None, 'nl_sampling_method': None, 'nl_scale_pos_weight': None, 'nl_subsample': None, 'nl_tree_method': 'exact', 'nl_validate_parameters': None, 'nl_verbosity': None, 'nl_inner_n_estimators': 100, 'nl_base_estimator': 'deprecated', 'nl_bootstrap': True, 'nl_bootstrap_features': False, 'nl_max_features': 1.0, 'nl_max_samples': 1.0, 'nl_oob_score': False, 'nl_verbose': 0, 'nl_warm_start': False}
{'nl_objective': 'reg:squarederror', 'nl_base_score': None, 'nl_booster': None, 'nl_callbacks': None, 'nl_colsample_bylevel': None, 'nl_colsample_bynode': None, 'nl_colsample_bytree': None, 'nl_device': None, 'nl_early_stopping_rounds': None, 'nl_eval_metric': None, 'nl_feature_types': None, 'nl_gamma': None, 'nl_grow_policy': None, 'nl_importance_type': None, 'nl_interaction_constraints': None, 'nl_learning_rate': None, 'nl_max_bin': None, 'nl_max_cat_threshold': None, 'nl_max_cat_to_onehot': None, 'nl_max_delta_step': None, 'nl_max_depth': None, 'nl_max_leaves': None, 'nl_min_child_weight': None, 'nl_missing': nan, 'nl_monotone_constraints': None, 'nl_multi_strategy': None, 'nl_n_estimators': 10, 'nl_n_jobs': 14, 'nl_num_parallel_tree': None, 'nl_random_state': 42, 'nl_reg_alpha': None, 'nl_reg_lambda': None, 'nl_sampling_method': None, 'nl_scale_pos_weight': None, 'nl_subsample': None, 'nl_tree_method': 'exact', 'nl_validate_parameters': None, 'nl_verbosity': None, 'nl_inner_n_estimators': 100, 'nl_base_estimator': 'deprecated', 'nl_bootstrap': True, 'nl_bootstrap_features': False, 'nl_max_features': 1.0, 'nl_max_samples': 1.0, 'nl_oob_score': False, 'nl_verbose': 0, 'nl_warm_start': False}
